#-----------------------------------------------------------
# Vivado v2017.4 (64-bit)
# SW Build 2086221 on Fri Dec 15 20:55:39 MST 2017
# IP Build 2085800 on Fri Dec 15 22:25:07 MST 2017
# Start of session at: Thu Mar 29 10:31:08 2018
# Process ID: 5280
# Current directory: D:/Documents/ANU/ENGN3213/Assignment/reaction_timer_kai
# Command line: vivado.exe -gui_launcher_event rodinguilauncherevent7248 D:\Documents\ANU\ENGN3213\Assignment\reaction_timer_kai\reaction_timer_kai.xpr
# Log file: D:/Documents/ANU/ENGN3213/Assignment/reaction_timer_kai/vivado.log
# Journal file: D:/Documents/ANU/ENGN3213/Assignment/reaction_timer_kai\vivado.jou
#-----------------------------------------------------------
start_gui
open_project D:/Documents/ANU/ENGN3213/Assignment/reaction_timer_kai/reaction_timer_kai.xpr
Scanning sources...
Finished scanning sources
INFO: [IP_Flow 19-234] Refreshing IP repositories
INFO: [IP_Flow 19-1704] No user IP repositories specified
INFO: [IP_Flow 19-2313] Loaded Vivado IP repository 'D:/Programs/Xilinx/Vivado/2017.4/data/ip'.
update_compile_order -fileset sources_1
reset_simulation -simset sim_1 -mode behavioral
INFO: [Vivado 12-2266] Removing simulation data...
INFO: [Vivado 12-2267] Reset complete
reset_simulation -simset sim_1 -mode behavioral
INFO: [Vivado 12-2266] Removing simulation data...
INFO: [Vivado 12-2267] Reset complete
reset_run synth_1
exit
INFO: [Common 17-206] Exiting Vivado at Thu Mar 29 10:31:53 2018...
